mode: set
github.com/Mnrikard/pasty/reader/codeReader.go:15.46,18.37 3 1
github.com/Mnrikard/pasty/reader/codeReader.go:18.37,21.33 3 1
github.com/Mnrikard/pasty/reader/codeReader.go:21.33,26.12 5 1
github.com/Mnrikard/pasty/reader/codeReader.go:29.3,29.30 1 1
github.com/Mnrikard/pasty/reader/codeReader.go:29.30,32.12 3 0
github.com/Mnrikard/pasty/reader/codeReader.go:35.3,35.32 1 1
github.com/Mnrikard/pasty/reader/codeReader.go:35.32,36.18 1 1
github.com/Mnrikard/pasty/reader/codeReader.go:36.18,38.5 1 0
github.com/Mnrikard/pasty/reader/codeReader.go:38.10,40.5 1 1
github.com/Mnrikard/pasty/reader/codeReader.go:41.4,42.19 2 1
github.com/Mnrikard/pasty/reader/codeReader.go:43.9,43.40 1 1
github.com/Mnrikard/pasty/reader/codeReader.go:43.40,47.4 3 1
github.com/Mnrikard/pasty/reader/codeReader.go:47.9,48.29 1 1
github.com/Mnrikard/pasty/reader/codeReader.go:48.29,50.5 1 1
github.com/Mnrikard/pasty/reader/codeReader.go:50.10,52.5 1 1
github.com/Mnrikard/pasty/reader/codeReader.go:53.4,54.19 2 1
github.com/Mnrikard/pasty/reader/codeReader.go:57.3,57.42 1 1
github.com/Mnrikard/pasty/reader/codeReader.go:57.42,60.12 3 1
github.com/Mnrikard/pasty/reader/codeReader.go:63.3,63.45 1 1
github.com/Mnrikard/pasty/reader/codeReader.go:63.45,66.12 3 1
github.com/Mnrikard/pasty/reader/codeReader.go:71.50,72.23 1 1
github.com/Mnrikard/pasty/reader/codeReader.go:72.23,74.3 1 1
github.com/Mnrikard/pasty/reader/codeReader.go:76.2,76.32 1 1
github.com/Mnrikard/pasty/reader/codeReader.go:79.44,83.2 3 1
github.com/Mnrikard/pasty/reader/codeReader.go:85.51,87.2 1 1
github.com/Mnrikard/pasty/reader/codeReader.go:89.53,91.2 1 1
github.com/Mnrikard/pasty/reader/codeReader.go:93.98,97.22 4 1
github.com/Mnrikard/pasty/reader/codeReader.go:97.22,100.38 2 1
github.com/Mnrikard/pasty/reader/codeReader.go:100.38,101.40 1 1
github.com/Mnrikard/pasty/reader/codeReader.go:101.40,102.63 1 1
github.com/Mnrikard/pasty/reader/codeReader.go:102.63,105.6 2 1
github.com/Mnrikard/pasty/reader/codeReader.go:105.11,107.6 1 1
github.com/Mnrikard/pasty/reader/codeReader.go:108.10,109.50 1 0
github.com/Mnrikard/pasty/reader/codeReader.go:109.50,111.6 1 0
github.com/Mnrikard/pasty/reader/codeReader.go:115.3,115.7 1 1
github.com/Mnrikard/pasty/reader/codeReader.go:118.2,118.14 1 0
github.com/Mnrikard/pasty/reader/codeReader.go:121.64,124.22 3 1
github.com/Mnrikard/pasty/reader/codeReader.go:124.22,125.57 1 1
github.com/Mnrikard/pasty/reader/codeReader.go:125.57,127.4 1 1
github.com/Mnrikard/pasty/reader/codeReader.go:129.3,130.7 2 1
github.com/Mnrikard/pasty/reader/codeReader.go:133.2,133.11 1 0
github.com/Mnrikard/pasty/reader/codeReader.go:136.65,139.22 3 1
github.com/Mnrikard/pasty/reader/codeReader.go:139.22,141.47 2 1
github.com/Mnrikard/pasty/reader/codeReader.go:141.47,143.4 1 1
github.com/Mnrikard/pasty/reader/codeReader.go:144.3,144.7 1 1
github.com/Mnrikard/pasty/reader/codeReader.go:147.2,147.11 1 0
github.com/Mnrikard/pasty/reader/codeReader.go:150.79,152.32 2 1
github.com/Mnrikard/pasty/reader/codeReader.go:152.32,154.3 1 0
github.com/Mnrikard/pasty/reader/codeReader.go:156.2,156.50 1 1
github.com/Mnrikard/pasty/reader/codeReader.go:156.50,158.3 1 1
github.com/Mnrikard/pasty/reader/codeReader.go:160.2,160.14 1 1
github.com/Mnrikard/pasty/reader/codeReader.go:163.60,165.34 2 1
github.com/Mnrikard/pasty/reader/codeReader.go:165.34,167.3 1 1
github.com/Mnrikard/pasty/reader/codeReader.go:169.2,169.42 1 1
github.com/Mnrikard/pasty/reader/codeReader.go:169.42,171.3 1 1
github.com/Mnrikard/pasty/reader/codeReader.go:173.2,173.14 1 1
github.com/Mnrikard/pasty/reader/codeReader.go:176.50,177.26 1 0
github.com/Mnrikard/pasty/reader/codeReader.go:177.26,179.3 1 0
github.com/Mnrikard/pasty/reader/codeReader.go:181.2,181.28 1 0
github.com/Mnrikard/pasty/reader/codeReader.go:184.43,185.32 1 1
github.com/Mnrikard/pasty/reader/codeReader.go:185.32,186.40 1 1
github.com/Mnrikard/pasty/reader/codeReader.go:186.40,188.4 1 1
github.com/Mnrikard/pasty/reader/codeReader.go:191.2,191.14 1 1
github.com/Mnrikard/pasty/cmd/completion.go:46.47,47.18 1 0
github.com/Mnrikard/pasty/cmd/completion.go:48.15,49.43 1 0
github.com/Mnrikard/pasty/cmd/completion.go:50.14,51.42 1 0
github.com/Mnrikard/pasty/cmd/completion.go:52.15,53.49 1 0
github.com/Mnrikard/pasty/cmd/completion.go:54.21,55.49 1 0
github.com/Mnrikard/pasty/cmd/root.go:18.16,19.42 1 1
github.com/Mnrikard/pasty/cmd/root.go:19.42,22.3 2 0
github.com/Mnrikard/pasty/cmd/root.go:27.46,29.16 2 1
github.com/Mnrikard/pasty/cmd/root.go:29.16,31.3 1 0
github.com/Mnrikard/pasty/cmd/root.go:33.2,36.107 4 1
github.com/Mnrikard/pasty/cmd/root.go:39.13,43.38 3 1
github.com/Mnrikard/pasty/cmd/root.go:43.38,44.23 1 1
github.com/Mnrikard/pasty/cmd/root.go:44.23,45.72 1 1
github.com/Mnrikard/pasty/cmd/root.go:45.72,45.95 1 0
github.com/Mnrikard/pasty/cmd/root.go:47.3,47.26 1 1
github.com/Mnrikard/pasty/cmd/root.go:47.26,48.72 1 1
github.com/Mnrikard/pasty/cmd/root.go:48.72,48.97 1 0
github.com/Mnrikard/pasty/cmd/root.go:50.3,51.23 2 1
github.com/Mnrikard/pasty/cmd/root.go:51.23,53.4 1 1
github.com/Mnrikard/pasty/cmd/root.go:54.3,54.26 1 1
github.com/Mnrikard/pasty/cmd/root.go:54.26,56.4 1 1
github.com/Mnrikard/pasty/cmd/root.go:57.3,57.26 1 1
github.com/Mnrikard/pasty/cmd/root.go:60.2,63.17 4 1
github.com/Mnrikard/pasty/cmd/root.go:63.17,66.3 2 1
github.com/Mnrikard/pasty/cmd/root.go:68.2,69.19 2 1
github.com/Mnrikard/pasty/cmd/root.go:69.19,71.3 1 1
github.com/Mnrikard/pasty/cmd/root.go:74.54,83.25 2 1
github.com/Mnrikard/pasty/cmd/root.go:83.25,85.3 1 1
github.com/Mnrikard/pasty/cmd/root.go:87.2,87.52 1 1
github.com/Mnrikard/pasty/cmd/root.go:87.52,90.26 3 0
github.com/Mnrikard/pasty/cmd/root.go:90.26,92.4 1 0
github.com/Mnrikard/pasty/cmd/root.go:94.3,94.28 1 0
github.com/Mnrikard/pasty/cmd/root.go:94.28,96.4 1 0
github.com/Mnrikard/pasty/cmd/root.go:98.3,98.35 1 0
github.com/Mnrikard/pasty/cmd/root.go:101.2,101.12 1 1
github.com/Mnrikard/pasty/util/mode.go:5.26,8.2 2 0
github.com/Mnrikard/pasty/util/notify.go:10.27,13.21 2 0
github.com/Mnrikard/pasty/util/notify.go:13.21,17.3 3 0
github.com/Mnrikard/pasty/util/notify.go:20.32,23.2 2 0
github.com/Mnrikard/pasty/util/settings.go:18.32,19.17 1 0
github.com/Mnrikard/pasty/util/settings.go:19.17,22.17 3 0
github.com/Mnrikard/pasty/util/settings.go:22.17,24.4 1 0
github.com/Mnrikard/pasty/util/settings.go:27.2,27.13 1 0
github.com/Mnrikard/pasty/util/settings.go:30.39,50.2 1 0
github.com/Mnrikard/pasty/util/settings.go:52.52,54.16 2 0
github.com/Mnrikard/pasty/util/settings.go:54.16,56.3 1 0
github.com/Mnrikard/pasty/util/settings.go:58.2,60.49 2 0
github.com/Mnrikard/pasty/util/settings.go:60.49,62.3 1 0
github.com/Mnrikard/pasty/util/settings.go:64.2,67.16 4 0
github.com/Mnrikard/pasty/util/settings.go:67.16,69.3 1 0
github.com/Mnrikard/pasty/util/settings.go:71.2,71.19 1 0
github.com/Mnrikard/pasty/util/stringFuncs.go:9.39,12.2 2 1
github.com/Mnrikard/pasty/util/stringFuncs.go:14.69,17.28 3 1
github.com/Mnrikard/pasty/util/stringFuncs.go:17.28,19.3 1 1
github.com/Mnrikard/pasty/util/stringFuncs.go:21.2,21.15 1 1
github.com/Mnrikard/pasty/util/stringFuncs.go:24.40,25.21 1 1
github.com/Mnrikard/pasty/util/stringFuncs.go:25.21,27.3 1 1
github.com/Mnrikard/pasty/util/stringFuncs.go:29.2,29.38 1 1
github.com/Mnrikard/pasty/util/stringFuncs.go:29.38,31.3 1 1
github.com/Mnrikard/pasty/util/stringFuncs.go:33.2,34.22 2 1
github.com/Mnrikard/pasty/util/stringFuncs.go:37.39,39.2 1 0
github.com/Mnrikard/pasty/main.go:8.13,11.2 2 0
github.com/Mnrikard/pasty/edit/case.go:10.58,12.2 1 1
github.com/Mnrikard/pasty/edit/case.go:14.58,16.2 1 1
github.com/Mnrikard/pasty/edit/case.go:18.58,21.2 2 1
github.com/Mnrikard/pasty/edit/columnAlign.go:9.65,15.2 5 1
github.com/Mnrikard/pasty/edit/columnAlign.go:17.74,20.28 2 1
github.com/Mnrikard/pasty/edit/columnAlign.go:20.28,22.28 2 1
github.com/Mnrikard/pasty/edit/columnAlign.go:22.28,24.32 2 1
github.com/Mnrikard/pasty/edit/columnAlign.go:24.32,26.5 1 1
github.com/Mnrikard/pasty/edit/columnAlign.go:28.4,28.23 1 1
github.com/Mnrikard/pasty/edit/columnAlign.go:28.23,30.5 1 1
github.com/Mnrikard/pasty/edit/columnAlign.go:33.3,33.38 1 1
github.com/Mnrikard/pasty/edit/columnAlign.go:36.2,36.35 1 1
github.com/Mnrikard/pasty/edit/columnAlign.go:39.42,40.19 1 1
github.com/Mnrikard/pasty/edit/columnAlign.go:40.19,42.3 1 0
github.com/Mnrikard/pasty/edit/columnAlign.go:44.2,45.27 2 1
github.com/Mnrikard/pasty/edit/columnAlign.go:45.27,46.28 1 1
github.com/Mnrikard/pasty/edit/columnAlign.go:46.28,47.26 1 1
github.com/Mnrikard/pasty/edit/columnAlign.go:47.26,49.5 1 0
github.com/Mnrikard/pasty/edit/columnAlign.go:50.4,50.29 1 1
github.com/Mnrikard/pasty/edit/columnAlign.go:50.29,52.5 1 1
github.com/Mnrikard/pasty/edit/columnAlign.go:56.2,56.15 1 1
github.com/Mnrikard/pasty/edit/count.go:9.62,13.18 3 1
github.com/Mnrikard/pasty/edit/count.go:14.23,16.54 2 1
github.com/Mnrikard/pasty/edit/count.go:17.23,19.54 2 1
github.com/Mnrikard/pasty/edit/count.go:20.10,21.40 1 1
github.com/Mnrikard/pasty/edit/count.go:24.2,26.19 2 1
github.com/Mnrikard/pasty/edit/dedup.go:7.64,11.29 4 1
github.com/Mnrikard/pasty/edit/dedup.go:11.29,13.14 2 1
github.com/Mnrikard/pasty/edit/dedup.go:13.14,15.4 1 1
github.com/Mnrikard/pasty/edit/dedup.go:16.3,16.19 1 1
github.com/Mnrikard/pasty/edit/dedup.go:19.2,19.50 1 1
github.com/Mnrikard/pasty/edit/edit.go:32.37,34.23 2 1
github.com/Mnrikard/pasty/edit/edit.go:34.23,36.3 1 1
github.com/Mnrikard/pasty/edit/edit.go:37.2,37.31 1 1
github.com/Mnrikard/pasty/edit/edit.go:37.31,39.3 1 1
github.com/Mnrikard/pasty/edit/edit.go:40.2,40.27 1 1
github.com/Mnrikard/pasty/edit/edit.go:40.27,42.3 1 1
github.com/Mnrikard/pasty/edit/edit.go:43.2,43.26 1 1
github.com/Mnrikard/pasty/edit/edit.go:43.26,45.3 1 1
github.com/Mnrikard/pasty/edit/edit.go:46.2,46.25 1 1
github.com/Mnrikard/pasty/edit/edit.go:46.25,48.3 1 1
github.com/Mnrikard/pasty/edit/edit.go:50.2,50.17 1 1
github.com/Mnrikard/pasty/edit/edit.go:50.17,52.3 1 1
github.com/Mnrikard/pasty/edit/edit.go:55.65,57.28 2 1
github.com/Mnrikard/pasty/edit/edit.go:57.28,68.3 1 1
github.com/Mnrikard/pasty/edit/edit.go:69.2,69.34 1 1
github.com/Mnrikard/pasty/edit/edit.go:69.34,70.21 1 1
github.com/Mnrikard/pasty/edit/edit.go:70.21,72.4 1 1
github.com/Mnrikard/pasty/edit/edit.go:72.9,74.4 1 0
github.com/Mnrikard/pasty/edit/edit.go:78.130,79.105 1 0
github.com/Mnrikard/pasty/edit/edit.go:79.105,80.30 1 0
github.com/Mnrikard/pasty/edit/edit.go:80.30,81.34 1 0
github.com/Mnrikard/pasty/edit/edit.go:81.34,82.28 1 0
github.com/Mnrikard/pasty/edit/edit.go:82.28,86.6 1 0
github.com/Mnrikard/pasty/edit/edit.go:88.5,88.30 1 0
github.com/Mnrikard/pasty/edit/edit.go:88.30,90.6 1 0
github.com/Mnrikard/pasty/edit/edit.go:94.3,94.49 1 0
github.com/Mnrikard/pasty/edit/encode.go:9.65,11.2 1 1
github.com/Mnrikard/pasty/edit/encode.go:13.65,15.16 2 1
github.com/Mnrikard/pasty/edit/encode.go:15.16,17.3 1 1
github.com/Mnrikard/pasty/edit/encode.go:19.2,19.28 1 1
github.com/Mnrikard/pasty/edit/encode.go:22.65,24.2 1 1
github.com/Mnrikard/pasty/edit/encode.go:26.66,28.2 1 1
github.com/Mnrikard/pasty/edit/encode.go:30.65,32.2 1 1
github.com/Mnrikard/pasty/edit/encode.go:34.66,36.2 1 1
github.com/Mnrikard/pasty/edit/format.go:12.63,13.40 1 1
github.com/Mnrikard/pasty/edit/format.go:13.40,15.3 1 1
github.com/Mnrikard/pasty/edit/format.go:16.2,16.41 1 1
github.com/Mnrikard/pasty/edit/format.go:16.41,19.77 2 1
github.com/Mnrikard/pasty/edit/format.go:19.77,22.4 1 0
github.com/Mnrikard/pasty/edit/format.go:24.3,24.33 1 1
github.com/Mnrikard/pasty/edit/format.go:27.2,27.49 1 1
github.com/Mnrikard/pasty/edit/format.go:30.46,45.39 7 1
github.com/Mnrikard/pasty/edit/format.go:45.39,47.35 2 1
github.com/Mnrikard/pasty/edit/format.go:47.35,48.12 1 1
github.com/Mnrikard/pasty/edit/format.go:51.3,51.27 1 1
github.com/Mnrikard/pasty/edit/format.go:51.27,53.4 1 1
github.com/Mnrikard/pasty/edit/format.go:55.3,57.29 2 1
github.com/Mnrikard/pasty/edit/format.go:57.29,59.4 1 1
github.com/Mnrikard/pasty/edit/format.go:59.9,59.33 1 1
github.com/Mnrikard/pasty/edit/format.go:59.33,61.4 1 1
github.com/Mnrikard/pasty/edit/format.go:61.9,61.19 1 1
github.com/Mnrikard/pasty/edit/format.go:61.19,63.4 1 1
github.com/Mnrikard/pasty/edit/format.go:65.3,65.17 1 1
github.com/Mnrikard/pasty/edit/format.go:65.17,67.4 1 0
github.com/Mnrikard/pasty/edit/format.go:69.3,70.17 2 1
github.com/Mnrikard/pasty/edit/format.go:70.17,72.4 1 0
github.com/Mnrikard/pasty/edit/format.go:75.2,75.29 1 1
github.com/Mnrikard/pasty/edit/format.go:78.47,96.40 9 0
github.com/Mnrikard/pasty/edit/format.go:96.40,98.35 2 0
github.com/Mnrikard/pasty/edit/format.go:98.35,99.12 1 0
github.com/Mnrikard/pasty/edit/format.go:102.3,104.30 2 0
github.com/Mnrikard/pasty/edit/format.go:104.30,108.4 3 0
github.com/Mnrikard/pasty/edit/format.go:108.9,108.36 1 0
github.com/Mnrikard/pasty/edit/format.go:108.36,112.4 3 0
github.com/Mnrikard/pasty/edit/format.go:112.9,112.35 1 0
github.com/Mnrikard/pasty/edit/format.go:112.35,114.4 1 0
github.com/Mnrikard/pasty/edit/format.go:114.9,114.24 1 0
github.com/Mnrikard/pasty/edit/format.go:114.24,116.4 1 0
github.com/Mnrikard/pasty/edit/format.go:116.9,118.4 1 0
github.com/Mnrikard/pasty/edit/format.go:120.3,120.17 1 0
github.com/Mnrikard/pasty/edit/format.go:120.17,122.4 1 0
github.com/Mnrikard/pasty/edit/format.go:125.2,125.29 1 0
github.com/Mnrikard/pasty/edit/format.go:128.43,129.26 1 1
github.com/Mnrikard/pasty/edit/format.go:129.26,130.34 1 1
github.com/Mnrikard/pasty/edit/format.go:130.34,132.4 1 1
github.com/Mnrikard/pasty/edit/format.go:135.2,135.14 1 1
github.com/Mnrikard/pasty/edit/format.go:138.27,140.24 2 0
github.com/Mnrikard/pasty/edit/format.go:140.24,142.3 1 0
github.com/Mnrikard/pasty/edit/format.go:144.2,144.33 1 0
github.com/Mnrikard/pasty/edit/generate.go:5.60,7.2 1 1
github.com/Mnrikard/pasty/edit/generate.go:9.60,11.2 1 1
github.com/Mnrikard/pasty/edit/grep.go:8.57,11.16 3 1
github.com/Mnrikard/pasty/edit/grep.go:11.16,13.3 1 1
github.com/Mnrikard/pasty/edit/grep.go:15.2,15.54 1 1
github.com/Mnrikard/pasty/edit/grep.go:15.54,18.3 2 1
github.com/Mnrikard/pasty/edit/grep.go:20.2,24.26 4 1
github.com/Mnrikard/pasty/edit/grep.go:24.26,25.27 1 1
github.com/Mnrikard/pasty/edit/grep.go:25.27,26.15 1 1
github.com/Mnrikard/pasty/edit/grep.go:26.15,28.5 1 1
github.com/Mnrikard/pasty/edit/grep.go:29.9,30.14 1 1
github.com/Mnrikard/pasty/edit/grep.go:30.14,32.5 1 1
github.com/Mnrikard/pasty/edit/grep.go:36.2,36.50 1 1
github.com/Mnrikard/pasty/edit/insert.go:11.62,22.33 9 1
github.com/Mnrikard/pasty/edit/insert.go:22.33,23.42 1 1
github.com/Mnrikard/pasty/edit/insert.go:23.42,24.12 1 1
github.com/Mnrikard/pasty/edit/insert.go:27.3,27.26 1 1
github.com/Mnrikard/pasty/edit/insert.go:27.26,30.4 2 1
github.com/Mnrikard/pasty/edit/insert.go:30.9,32.4 1 1
github.com/Mnrikard/pasty/edit/insert.go:34.3,36.32 3 1
github.com/Mnrikard/pasty/edit/insert.go:39.2,39.29 1 1
github.com/Mnrikard/pasty/edit/insert.go:42.69,52.2 2 1
github.com/Mnrikard/pasty/edit/insert.go:54.55,56.2 1 1
github.com/Mnrikard/pasty/edit/insert.go:58.56,60.27 2 1
github.com/Mnrikard/pasty/edit/insert.go:60.27,61.12 1 1
github.com/Mnrikard/pasty/edit/insert.go:61.12,63.4 1 1
github.com/Mnrikard/pasty/edit/insert.go:65.3,66.31 2 1
github.com/Mnrikard/pasty/edit/insert.go:66.31,68.4 1 1
github.com/Mnrikard/pasty/edit/insert.go:68.9,70.4 1 1
github.com/Mnrikard/pasty/edit/insert.go:72.3,72.97 1 1
github.com/Mnrikard/pasty/edit/insert.go:75.2,75.22 1 1
github.com/Mnrikard/pasty/edit/math.go:10.62,14.36 3 1
github.com/Mnrikard/pasty/edit/math.go:14.36,16.3 1 1
github.com/Mnrikard/pasty/edit/math.go:18.2,22.16 4 1
github.com/Mnrikard/pasty/edit/math.go:22.16,24.3 1 0
github.com/Mnrikard/pasty/edit/math.go:26.2,26.38 1 1
github.com/Mnrikard/pasty/edit/math.go:26.38,28.3 1 1
github.com/Mnrikard/pasty/edit/math.go:29.2,29.39 1 1
github.com/Mnrikard/pasty/edit/math.go:32.55,35.2 2 1
github.com/Mnrikard/pasty/edit/math.go:37.48,39.16 2 1
github.com/Mnrikard/pasty/edit/math.go:39.16,41.3 1 1
github.com/Mnrikard/pasty/edit/math.go:43.2,43.20 1 1
github.com/Mnrikard/pasty/edit/math.go:43.20,45.29 2 1
github.com/Mnrikard/pasty/edit/math.go:45.29,46.9 1 0
github.com/Mnrikard/pasty/edit/math.go:48.3,49.17 2 1
github.com/Mnrikard/pasty/edit/math.go:49.17,51.4 1 1
github.com/Mnrikard/pasty/edit/math.go:52.3,52.16 1 1
github.com/Mnrikard/pasty/edit/math.go:52.16,54.4 1 1
github.com/Mnrikard/pasty/edit/math.go:54.9,56.4 1 1
github.com/Mnrikard/pasty/edit/math.go:57.3,57.17 1 1
github.com/Mnrikard/pasty/edit/math.go:59.2,59.20 1 1
github.com/Mnrikard/pasty/edit/math.go:62.56,64.16 2 1
github.com/Mnrikard/pasty/edit/math.go:64.16,66.3 1 1
github.com/Mnrikard/pasty/edit/math.go:68.2,68.20 1 1
github.com/Mnrikard/pasty/edit/math.go:68.20,70.29 2 1
github.com/Mnrikard/pasty/edit/math.go:70.29,71.9 1 1
github.com/Mnrikard/pasty/edit/math.go:73.3,74.17 2 1
github.com/Mnrikard/pasty/edit/math.go:74.17,76.4 1 0
github.com/Mnrikard/pasty/edit/math.go:77.3,77.16 1 1
github.com/Mnrikard/pasty/edit/math.go:77.16,79.4 1 1
github.com/Mnrikard/pasty/edit/math.go:79.9,80.17 1 1
github.com/Mnrikard/pasty/edit/math.go:80.17,82.5 1 1
github.com/Mnrikard/pasty/edit/math.go:83.4,83.18 1 1
github.com/Mnrikard/pasty/edit/math.go:85.3,85.17 1 1
github.com/Mnrikard/pasty/edit/math.go:87.2,87.26 1 1
github.com/Mnrikard/pasty/edit/math.go:90.56,91.20 1 1
github.com/Mnrikard/pasty/edit/math.go:91.20,93.3 1 1
github.com/Mnrikard/pasty/edit/math.go:95.2,95.20 1 1
github.com/Mnrikard/pasty/edit/math.go:95.20,98.34 3 1
github.com/Mnrikard/pasty/edit/math.go:98.34,99.22 1 1
github.com/Mnrikard/pasty/edit/math.go:99.22,101.5 1 1
github.com/Mnrikard/pasty/edit/math.go:101.10,101.29 1 1
github.com/Mnrikard/pasty/edit/math.go:101.29,103.5 1 1
github.com/Mnrikard/pasty/edit/math.go:104.4,104.7 1 1
github.com/Mnrikard/pasty/edit/math.go:106.3,106.17 1 1
github.com/Mnrikard/pasty/edit/math.go:106.17,108.4 1 1
github.com/Mnrikard/pasty/edit/math.go:109.3,110.17 2 1
github.com/Mnrikard/pasty/edit/math.go:110.17,112.4 1 0
github.com/Mnrikard/pasty/edit/math.go:113.3,113.31 1 1
github.com/Mnrikard/pasty/edit/math.go:116.2,116.20 1 1
github.com/Mnrikard/pasty/edit/math.go:116.20,118.17 2 1
github.com/Mnrikard/pasty/edit/math.go:118.17,120.4 1 0
github.com/Mnrikard/pasty/edit/math.go:121.3,121.28 1 1
github.com/Mnrikard/pasty/edit/math.go:124.2,125.60 2 1
github.com/Mnrikard/pasty/edit/math.go:125.60,127.3 1 1
github.com/Mnrikard/pasty/edit/math.go:128.2,128.12 1 1
github.com/Mnrikard/pasty/edit/math.go:128.12,130.3 1 1
github.com/Mnrikard/pasty/edit/math.go:131.2,132.16 2 1
github.com/Mnrikard/pasty/edit/math.go:132.16,134.3 1 0
github.com/Mnrikard/pasty/edit/math.go:135.2,135.27 1 1
github.com/Mnrikard/pasty/edit/math.go:138.27,140.2 1 1
github.com/Mnrikard/pasty/edit/plugins.go:13.65,15.2 1 0
github.com/Mnrikard/pasty/edit/plugins.go:17.29,19.16 2 0
github.com/Mnrikard/pasty/edit/plugins.go:19.16,21.3 1 0
github.com/Mnrikard/pasty/edit/plugins.go:23.2,24.16 2 0
github.com/Mnrikard/pasty/edit/plugins.go:24.16,26.3 1 0
github.com/Mnrikard/pasty/edit/plugins.go:28.2,31.29 3 0
github.com/Mnrikard/pasty/edit/plugins.go:31.29,32.17 1 0
github.com/Mnrikard/pasty/edit/plugins.go:32.17,33.12 1 0
github.com/Mnrikard/pasty/edit/plugins.go:35.3,36.69 2 0
github.com/Mnrikard/pasty/edit/plugins.go:36.69,39.4 2 0
github.com/Mnrikard/pasty/edit/plugins.go:42.2,43.32 2 0
github.com/Mnrikard/pasty/edit/plugins.go:43.32,44.14 1 0
github.com/Mnrikard/pasty/edit/plugins.go:44.14,46.4 1 0
github.com/Mnrikard/pasty/edit/plugins.go:47.3,47.17 1 0
github.com/Mnrikard/pasty/edit/plugins.go:50.2,50.15 1 0
github.com/Mnrikard/pasty/edit/plugins.go:53.38,55.16 2 0
github.com/Mnrikard/pasty/edit/plugins.go:55.16,57.3 1 0
github.com/Mnrikard/pasty/edit/plugins.go:60.2,61.24 2 0
github.com/Mnrikard/pasty/edit/plugins.go:64.92,65.73 1 0
github.com/Mnrikard/pasty/edit/plugins.go:65.73,67.3 1 0
github.com/Mnrikard/pasty/edit/plugins.go:69.2,70.16 2 0
github.com/Mnrikard/pasty/edit/plugins.go:70.16,72.3 1 0
github.com/Mnrikard/pasty/edit/plugins.go:75.2,78.53 2 0
github.com/Mnrikard/pasty/edit/plugins.go:78.53,80.3 1 0
github.com/Mnrikard/pasty/edit/plugins.go:83.2,96.4 3 0
github.com/Mnrikard/pasty/edit/plugins.go:96.4,101.39 1 0
github.com/Mnrikard/pasty/edit/plugins.go:101.39,102.14 1 0
github.com/Mnrikard/pasty/edit/plugins.go:108.2,112.45 3 0
github.com/Mnrikard/pasty/edit/plugins.go:112.45,114.3 1 0
github.com/Mnrikard/pasty/edit/plugins.go:117.2,118.32 2 0
github.com/Mnrikard/pasty/edit/plugins.go:118.32,120.3 1 0
github.com/Mnrikard/pasty/edit/plugins.go:123.2,128.16 2 0
github.com/Mnrikard/pasty/edit/plugins.go:128.16,130.3 1 0
github.com/Mnrikard/pasty/edit/plugins.go:133.2,136.26 3 0
github.com/Mnrikard/pasty/edit/rep.go:7.64,10.16 3 1
github.com/Mnrikard/pasty/edit/rep.go:10.16,12.3 1 1
github.com/Mnrikard/pasty/edit/rep.go:14.2,16.26 2 1
github.com/Mnrikard/pasty/edit/sort.go:18.57,21.43 3 1
github.com/Mnrikard/pasty/edit/sort.go:21.43,23.67 1 1
github.com/Mnrikard/pasty/edit/sort.go:23.67,24.25 1 1
github.com/Mnrikard/pasty/edit/sort.go:24.25,26.5 1 1
github.com/Mnrikard/pasty/edit/sort.go:27.4,27.80 1 0
github.com/Mnrikard/pasty/edit/sort.go:31.3,31.69 1 1
github.com/Mnrikard/pasty/edit/sort.go:31.69,32.25 1 1
github.com/Mnrikard/pasty/edit/sort.go:32.25,34.5 1 1
github.com/Mnrikard/pasty/edit/sort.go:35.4,35.60 1 0
github.com/Mnrikard/pasty/edit/sort.go:39.3,39.133 1 1
github.com/Mnrikard/pasty/edit/sort.go:39.133,40.23 1 1
github.com/Mnrikard/pasty/edit/sort.go:40.23,41.26 1 1
github.com/Mnrikard/pasty/edit/sort.go:41.26,43.6 1 1
github.com/Mnrikard/pasty/edit/sort.go:44.5,44.99 1 0
github.com/Mnrikard/pasty/edit/sort.go:47.4,47.25 1 1
github.com/Mnrikard/pasty/edit/sort.go:47.25,49.5 1 1
github.com/Mnrikard/pasty/edit/sort.go:51.4,51.64 1 0
github.com/Mnrikard/pasty/edit/sort.go:55.3,55.36 1 0
github.com/Mnrikard/pasty/edit/sort.go:55.36,57.4 1 0
github.com/Mnrikard/pasty/edit/sort.go:58.3,58.36 1 0
github.com/Mnrikard/pasty/edit/sort.go:58.36,60.4 1 0
github.com/Mnrikard/pasty/edit/sort.go:63.3,63.35 1 0
github.com/Mnrikard/pasty/edit/sort.go:63.35,65.4 1 0
github.com/Mnrikard/pasty/edit/sort.go:66.3,66.35 1 0
github.com/Mnrikard/pasty/edit/sort.go:66.35,68.4 1 0
github.com/Mnrikard/pasty/edit/sort.go:71.3,71.15 1 0
github.com/Mnrikard/pasty/edit/sort.go:74.2,75.26 2 1
github.com/Mnrikard/pasty/edit/sort.go:75.26,77.3 1 1
github.com/Mnrikard/pasty/edit/sort.go:79.2,79.50 1 1
github.com/Mnrikard/pasty/edit/sort.go:82.49,84.29 2 1
github.com/Mnrikard/pasty/edit/sort.go:84.29,90.18 3 1
github.com/Mnrikard/pasty/edit/sort.go:90.18,92.4 1 1
github.com/Mnrikard/pasty/edit/sort.go:94.3,95.17 2 1
github.com/Mnrikard/pasty/edit/sort.go:95.17,97.4 1 1
github.com/Mnrikard/pasty/edit/sort.go:100.2,100.15 1 1
github.com/Mnrikard/pasty/edit/sort.go:103.44,104.46 1 1
github.com/Mnrikard/pasty/edit/sort.go:104.46,106.17 2 1
github.com/Mnrikard/pasty/edit/sort.go:106.17,108.4 1 1
github.com/Mnrikard/pasty/edit/sort.go:111.3,111.59 1 1
github.com/Mnrikard/pasty/edit/sort.go:111.59,112.12 1 0
github.com/Mnrikard/pasty/edit/sort.go:115.3,115.47 1 1
github.com/Mnrikard/pasty/edit/sort.go:115.47,118.18 3 1
github.com/Mnrikard/pasty/edit/sort.go:118.18,120.5 1 1
github.com/Mnrikard/pasty/edit/sort.go:122.4,124.18 3 1
github.com/Mnrikard/pasty/edit/sort.go:124.18,126.5 1 0
github.com/Mnrikard/pasty/edit/sort.go:130.2,130.46 1 1
github.com/Mnrikard/pasty/edit/sort.go:130.46,132.17 2 1
github.com/Mnrikard/pasty/edit/sort.go:132.17,134.4 1 0
github.com/Mnrikard/pasty/edit/sort.go:137.2,137.12 1 1
github.com/Mnrikard/pasty/edit/subCommandUtils.go:22.76,23.39 1 0
github.com/Mnrikard/pasty/edit/subCommandUtils.go:23.39,24.40 1 0
github.com/Mnrikard/pasty/edit/subCommandUtils.go:24.40,26.4 1 0
github.com/Mnrikard/pasty/edit/subCommandUtils.go:29.2,29.12 1 0
github.com/Mnrikard/pasty/edit/subCommandUtils.go:32.60,33.32 1 1
github.com/Mnrikard/pasty/edit/subCommandUtils.go:33.32,34.38 1 1
github.com/Mnrikard/pasty/edit/subCommandUtils.go:34.38,36.4 1 1
github.com/Mnrikard/pasty/edit/subCommandUtils.go:39.2,39.37 1 0
github.com/Mnrikard/pasty/edit/subCommandUtils.go:39.37,40.36 1 0
github.com/Mnrikard/pasty/edit/subCommandUtils.go:40.36,41.34 1 0
github.com/Mnrikard/pasty/edit/subCommandUtils.go:41.34,43.5 1 0
github.com/Mnrikard/pasty/edit/subCommandUtils.go:47.2,47.12 1 0
github.com/Mnrikard/pasty/edit/subcommands.go:33.49,35.6 1 0
github.com/Mnrikard/pasty/edit/subcommands.go:49.49,51.6 1 0
github.com/Mnrikard/pasty/edit/subcommands.go:65.62,65.80 1 1
github.com/Mnrikard/pasty/edit/subcommands.go:77.62,77.80 1 0
github.com/Mnrikard/pasty/edit/subcommands.go:89.62,89.80 1 0
github.com/Mnrikard/pasty/edit/subcommands.go:102.62,102.87 1 0
github.com/Mnrikard/pasty/edit/subcommands.go:114.62,114.87 1 0
github.com/Mnrikard/pasty/edit/subcommands.go:127.62,127.87 1 0
github.com/Mnrikard/pasty/edit/subcommands.go:139.62,139.88 1 0
github.com/Mnrikard/pasty/edit/subcommands.go:151.62,151.87 1 0
github.com/Mnrikard/pasty/edit/subcommands.go:163.62,163.88 1 0
github.com/Mnrikard/pasty/edit/subcommands.go:175.62,175.84 1 0
github.com/Mnrikard/pasty/edit/subcommands.go:187.62,187.82 1 0
github.com/Mnrikard/pasty/edit/subcommands.go:207.49,210.20 3 0
github.com/Mnrikard/pasty/edit/subcommands.go:210.20,212.7 1 0
github.com/Mnrikard/pasty/edit/subcommands.go:219.49,221.6 1 0
github.com/Mnrikard/pasty/edit/subcommands.go:224.62,224.87 1 0
github.com/Mnrikard/pasty/edit/subcommands.go:243.49,245.6 1 0
github.com/Mnrikard/pasty/edit/subcommands.go:248.62,248.84 1 0
github.com/Mnrikard/pasty/edit/subcommands.go:265.45,267.6 1 0
github.com/Mnrikard/pasty/edit/subcommands.go:270.62,270.86 1 0
github.com/Mnrikard/pasty/edit/subcommands.go:288.49,290.6 1 0
github.com/Mnrikard/pasty/edit/subcommands.go:296.49,298.6 1 0
github.com/Mnrikard/pasty/edit/subcommands.go:304.49,306.6 1 0
github.com/Mnrikard/pasty/edit/subcommands.go:309.62,309.84 1 0
github.com/Mnrikard/pasty/edit/subcommands.go:330.49,332.6 1 0
github.com/Mnrikard/pasty/edit/subcommands.go:335.62,335.85 1 0
github.com/Mnrikard/pasty/edit/subcommands.go:353.49,355.6 1 0
github.com/Mnrikard/pasty/edit/subcommands.go:358.62,358.82 1 0
github.com/Mnrikard/pasty/edit/subcommands.go:374.49,376.6 1 0
github.com/Mnrikard/pasty/edit/subcommands.go:379.62,379.84 1 0
github.com/Mnrikard/pasty/edit/subcommands.go:395.49,397.6 1 0
github.com/Mnrikard/pasty/edit/subcommands.go:400.62,400.86 1 0
github.com/Mnrikard/pasty/edit/subcommands.go:417.49,419.6 1 1
github.com/Mnrikard/pasty/edit/subcommands.go:424.49,426.6 1 1
github.com/Mnrikard/pasty/edit/subcommands.go:429.62,429.86 1 1
github.com/Mnrikard/pasty/edit/subcommands.go:451.49,453.6 1 0
github.com/Mnrikard/pasty/edit/subcommands.go:459.49,461.6 1 0
github.com/Mnrikard/pasty/edit/subcommands.go:464.62,464.79 1 0
github.com/Mnrikard/pasty/edit/subcommands.go:482.49,484.6 1 0
github.com/Mnrikard/pasty/edit/subcommands.go:488.62,488.79 1 0
github.com/Mnrikard/pasty/edit/subcommands.go:492.45,496.2 3 0
github.com/Mnrikard/pasty/edit/subcommands.go:498.33,500.2 1 0
github.com/Mnrikard/pasty/edit/toNumBase.go:5.62,10.16 3 1
github.com/Mnrikard/pasty/edit/toNumBase.go:10.16,12.3 1 1
github.com/Mnrikard/pasty/edit/toNumBase.go:14.2,14.50 1 1
github.com/Mnrikard/pasty/edit/toNumBase.go:17.64,22.16 3 1
github.com/Mnrikard/pasty/edit/toNumBase.go:22.16,24.3 1 1
github.com/Mnrikard/pasty/edit/toNumBase.go:26.2,26.43 1 1
github.com/Mnrikard/pasty/edit/toNumBase.go:29.36,32.22 2 1
github.com/Mnrikard/pasty/edit/toNumBase.go:32.22,34.3 1 1
github.com/Mnrikard/pasty/edit/toNumBase.go:34.8,34.36 1 1
github.com/Mnrikard/pasty/edit/toNumBase.go:34.36,36.3 1 1
github.com/Mnrikard/pasty/edit/toNumBase.go:38.2,38.18 1 1
github.com/Mnrikard/pasty/edit/udf.go:29.26,31.16 2 1
github.com/Mnrikard/pasty/edit/udf.go:31.16,33.3 1 0
github.com/Mnrikard/pasty/edit/udf.go:35.2,36.27 2 1
github.com/Mnrikard/pasty/edit/udf.go:36.27,38.3 1 1
github.com/Mnrikard/pasty/edit/udf.go:40.2,40.15 1 1
github.com/Mnrikard/pasty/edit/udf.go:43.63,45.16 2 1
github.com/Mnrikard/pasty/edit/udf.go:45.16,47.3 1 0
github.com/Mnrikard/pasty/edit/udf.go:49.2,50.16 2 1
github.com/Mnrikard/pasty/edit/udf.go:50.16,52.3 1 0
github.com/Mnrikard/pasty/edit/udf.go:54.2,55.16 2 1
github.com/Mnrikard/pasty/edit/udf.go:55.16,57.3 1 0
github.com/Mnrikard/pasty/edit/udf.go:59.2,61.41 2 1
github.com/Mnrikard/pasty/edit/udf.go:61.41,63.20 2 1
github.com/Mnrikard/pasty/edit/udf.go:63.20,65.4 1 0
github.com/Mnrikard/pasty/edit/udf.go:67.3,71.17 5 1
github.com/Mnrikard/pasty/edit/udf.go:71.17,73.4 1 0
github.com/Mnrikard/pasty/edit/udf.go:76.2,76.19 1 1
github.com/Mnrikard/pasty/edit/udf.go:79.31,81.16 2 1
github.com/Mnrikard/pasty/edit/udf.go:81.16,83.3 1 0
github.com/Mnrikard/pasty/edit/udf.go:85.2,87.58 2 1
github.com/Mnrikard/pasty/edit/udf.go:87.58,89.3 1 0
github.com/Mnrikard/pasty/edit/udf.go:91.2,94.16 4 1
github.com/Mnrikard/pasty/edit/udf.go:94.16,96.3 1 0
github.com/Mnrikard/pasty/edit/udf.go:98.2,98.18 1 1
github.com/Mnrikard/pasty/edit/udf.go:101.59,102.27 1 1
github.com/Mnrikard/pasty/edit/udf.go:102.27,103.40 1 1
github.com/Mnrikard/pasty/edit/udf.go:103.40,105.4 1 1
github.com/Mnrikard/pasty/edit/udf.go:108.2,108.81 1 0
github.com/Mnrikard/pasty/edit/udf.go:111.56,115.32 3 1
github.com/Mnrikard/pasty/edit/udf.go:115.32,116.17 1 1
github.com/Mnrikard/pasty/edit/udf.go:116.17,118.4 1 1
github.com/Mnrikard/pasty/edit/udf.go:118.9,119.45 1 1
github.com/Mnrikard/pasty/edit/udf.go:119.45,121.5 1 0
github.com/Mnrikard/pasty/edit/udf.go:123.4,123.64 1 1
github.com/Mnrikard/pasty/edit/udf.go:127.2,127.12 1 1
github.com/Mnrikard/pasty/edit/udf.go:130.34,131.38 1 1
github.com/Mnrikard/pasty/edit/udf.go:131.38,132.34 1 1
github.com/Mnrikard/pasty/edit/udf.go:132.34,133.43 1 1
github.com/Mnrikard/pasty/edit/udf.go:133.43,136.5 2 1
github.com/Mnrikard/pasty/edit/udf.go:141.33,144.38 3 0
github.com/Mnrikard/pasty/edit/udf.go:144.38,145.31 1 0
github.com/Mnrikard/pasty/edit/udf.go:145.31,147.4 1 0
github.com/Mnrikard/pasty/edit/udf.go:147.9,149.4 1 0
github.com/Mnrikard/pasty/edit/udf.go:152.2,152.24 1 0
github.com/Mnrikard/pasty/text/text.go:17.44,21.2 3 0
github.com/Mnrikard/pasty/text/text.go:23.29,25.2 1 0
github.com/Mnrikard/pasty/text/text.go:27.32,28.14 1 0
github.com/Mnrikard/pasty/text/text.go:28.14,30.3 1 0
github.com/Mnrikard/pasty/text/text.go:32.2,32.25 1 0
github.com/Mnrikard/pasty/text/text.go:32.25,34.17 2 0
github.com/Mnrikard/pasty/text/text.go:34.17,36.4 1 0
github.com/Mnrikard/pasty/text/text.go:37.3,37.28 1 0
github.com/Mnrikard/pasty/text/text.go:40.2,42.16 3 0
github.com/Mnrikard/pasty/text/text.go:42.16,44.3 1 0
github.com/Mnrikard/pasty/text/text.go:46.2,46.18 1 0
github.com/Mnrikard/pasty/text/text.go:49.34,50.14 1 0
github.com/Mnrikard/pasty/text/text.go:50.14,53.3 2 0
github.com/Mnrikard/pasty/text/text.go:55.2,55.25 1 0
github.com/Mnrikard/pasty/text/text.go:55.25,57.3 1 0
github.com/Mnrikard/pasty/text/text.go:57.8,59.43 2 0
github.com/Mnrikard/pasty/text/text.go:59.43,61.4 1 0
github.com/Mnrikard/pasty/text/text.go:64.2,64.12 1 0
github.com/Mnrikard/pasty/text/text.go:67.36,68.26 1 0
github.com/Mnrikard/pasty/text/text.go:68.26,70.3 1 0
github.com/Mnrikard/pasty/text/text.go:71.2,72.16 2 0
github.com/Mnrikard/pasty/text/text.go:72.16,74.3 1 0
github.com/Mnrikard/pasty/text/text.go:75.2,75.18 1 0
github.com/Mnrikard/pasty/text/text.go:78.68,80.16 2 0
github.com/Mnrikard/pasty/text/text.go:80.16,83.3 2 0
github.com/Mnrikard/pasty/text/text.go:85.2,86.16 2 0
github.com/Mnrikard/pasty/text/text.go:86.16,89.3 2 0
github.com/Mnrikard/pasty/text/text.go:91.2,92.16 2 0
github.com/Mnrikard/pasty/text/text.go:92.16,95.3 2 0
github.com/Mnrikard/pasty/edit/fakeFileInfo/fakeOS.go:15.34,17.2 1 0
github.com/Mnrikard/pasty/edit/fakeFileInfo/fakeOS.go:19.33,21.2 1 0
github.com/Mnrikard/pasty/edit/fakeFileInfo/fakeOS.go:23.39,25.2 1 0
github.com/Mnrikard/pasty/edit/fakeFileInfo/fakeOS.go:27.40,29.2 1 0
github.com/Mnrikard/pasty/edit/fakeFileInfo/fakeOS.go:31.33,33.2 1 0
github.com/Mnrikard/pasty/edit/fakeFileInfo/fakeOS.go:35.30,37.2 1 0
github.com/Mnrikard/pasty/edit/fakeFileInfo/fakeOS.go:39.59,41.2 1 0
