mode: set
github.com/Mnrikard/pasty/reader/codeReader.go:15.46,18.37 3 1
github.com/Mnrikard/pasty/reader/codeReader.go:18.37,21.33 3 1
github.com/Mnrikard/pasty/reader/codeReader.go:21.33,26.12 5 1
github.com/Mnrikard/pasty/reader/codeReader.go:29.3,29.30 1 1
github.com/Mnrikard/pasty/reader/codeReader.go:29.30,32.12 3 0
github.com/Mnrikard/pasty/reader/codeReader.go:35.3,35.32 1 1
github.com/Mnrikard/pasty/reader/codeReader.go:35.32,36.18 1 1
github.com/Mnrikard/pasty/reader/codeReader.go:36.18,38.5 1 0
github.com/Mnrikard/pasty/reader/codeReader.go:38.10,40.5 1 1
github.com/Mnrikard/pasty/reader/codeReader.go:41.4,42.19 2 1
github.com/Mnrikard/pasty/reader/codeReader.go:43.9,43.40 1 1
github.com/Mnrikard/pasty/reader/codeReader.go:43.40,47.4 3 1
github.com/Mnrikard/pasty/reader/codeReader.go:47.9,48.29 1 1
github.com/Mnrikard/pasty/reader/codeReader.go:48.29,50.5 1 1
github.com/Mnrikard/pasty/reader/codeReader.go:50.10,52.5 1 1
github.com/Mnrikard/pasty/reader/codeReader.go:53.4,54.19 2 1
github.com/Mnrikard/pasty/reader/codeReader.go:57.3,57.42 1 1
github.com/Mnrikard/pasty/reader/codeReader.go:57.42,60.12 3 1
github.com/Mnrikard/pasty/reader/codeReader.go:63.3,63.45 1 1
github.com/Mnrikard/pasty/reader/codeReader.go:63.45,66.12 3 1
github.com/Mnrikard/pasty/reader/codeReader.go:71.50,72.23 1 1
github.com/Mnrikard/pasty/reader/codeReader.go:72.23,74.3 1 1
github.com/Mnrikard/pasty/reader/codeReader.go:76.2,76.32 1 1
github.com/Mnrikard/pasty/reader/codeReader.go:79.44,83.2 3 1
github.com/Mnrikard/pasty/reader/codeReader.go:85.51,87.2 1 1
github.com/Mnrikard/pasty/reader/codeReader.go:89.53,91.2 1 1
github.com/Mnrikard/pasty/reader/codeReader.go:93.98,97.22 4 1
github.com/Mnrikard/pasty/reader/codeReader.go:97.22,100.38 2 1
github.com/Mnrikard/pasty/reader/codeReader.go:100.38,101.40 1 1
github.com/Mnrikard/pasty/reader/codeReader.go:101.40,102.63 1 1
github.com/Mnrikard/pasty/reader/codeReader.go:102.63,105.6 2 1
github.com/Mnrikard/pasty/reader/codeReader.go:105.11,107.6 1 1
github.com/Mnrikard/pasty/reader/codeReader.go:108.10,109.50 1 0
github.com/Mnrikard/pasty/reader/codeReader.go:109.50,111.6 1 0
github.com/Mnrikard/pasty/reader/codeReader.go:115.3,115.7 1 1
github.com/Mnrikard/pasty/reader/codeReader.go:118.2,118.14 1 0
github.com/Mnrikard/pasty/reader/codeReader.go:121.64,124.22 3 1
github.com/Mnrikard/pasty/reader/codeReader.go:124.22,125.57 1 1
github.com/Mnrikard/pasty/reader/codeReader.go:125.57,127.4 1 1
github.com/Mnrikard/pasty/reader/codeReader.go:129.3,130.7 2 1
github.com/Mnrikard/pasty/reader/codeReader.go:133.2,133.11 1 0
github.com/Mnrikard/pasty/reader/codeReader.go:136.65,139.22 3 1
github.com/Mnrikard/pasty/reader/codeReader.go:139.22,141.47 2 1
github.com/Mnrikard/pasty/reader/codeReader.go:141.47,143.4 1 1
github.com/Mnrikard/pasty/reader/codeReader.go:144.3,144.7 1 1
github.com/Mnrikard/pasty/reader/codeReader.go:147.2,147.11 1 0
github.com/Mnrikard/pasty/reader/codeReader.go:150.79,152.32 2 1
github.com/Mnrikard/pasty/reader/codeReader.go:152.32,154.3 1 0
github.com/Mnrikard/pasty/reader/codeReader.go:156.2,156.50 1 1
github.com/Mnrikard/pasty/reader/codeReader.go:156.50,158.3 1 1
github.com/Mnrikard/pasty/reader/codeReader.go:160.2,160.14 1 1
github.com/Mnrikard/pasty/reader/codeReader.go:163.60,165.34 2 1
github.com/Mnrikard/pasty/reader/codeReader.go:165.34,167.3 1 1
github.com/Mnrikard/pasty/reader/codeReader.go:169.2,169.42 1 1
github.com/Mnrikard/pasty/reader/codeReader.go:169.42,171.3 1 1
github.com/Mnrikard/pasty/reader/codeReader.go:173.2,173.14 1 1
github.com/Mnrikard/pasty/reader/codeReader.go:176.50,177.26 1 0
github.com/Mnrikard/pasty/reader/codeReader.go:177.26,179.3 1 0
github.com/Mnrikard/pasty/reader/codeReader.go:181.2,181.28 1 0
github.com/Mnrikard/pasty/reader/codeReader.go:184.43,185.32 1 1
github.com/Mnrikard/pasty/reader/codeReader.go:185.32,186.40 1 1
github.com/Mnrikard/pasty/reader/codeReader.go:186.40,188.4 1 1
github.com/Mnrikard/pasty/reader/codeReader.go:191.2,191.14 1 1
github.com/Mnrikard/pasty/util/mode.go:5.26,8.2 2 0
github.com/Mnrikard/pasty/util/notify.go:10.27,13.21 2 0
github.com/Mnrikard/pasty/util/notify.go:13.21,17.3 3 0
github.com/Mnrikard/pasty/util/notify.go:20.32,23.2 2 0
github.com/Mnrikard/pasty/util/settings.go:18.32,19.17 1 0
github.com/Mnrikard/pasty/util/settings.go:19.17,22.17 3 0
github.com/Mnrikard/pasty/util/settings.go:22.17,24.4 1 0
github.com/Mnrikard/pasty/util/settings.go:27.2,27.13 1 0
github.com/Mnrikard/pasty/util/settings.go:30.39,50.2 1 0
github.com/Mnrikard/pasty/util/settings.go:52.52,54.16 2 0
github.com/Mnrikard/pasty/util/settings.go:54.16,56.3 1 0
github.com/Mnrikard/pasty/util/settings.go:58.2,60.49 2 0
github.com/Mnrikard/pasty/util/settings.go:60.49,62.3 1 0
github.com/Mnrikard/pasty/util/settings.go:64.2,67.16 4 0
github.com/Mnrikard/pasty/util/settings.go:67.16,69.3 1 0
github.com/Mnrikard/pasty/util/settings.go:71.2,71.19 1 0
github.com/Mnrikard/pasty/util/stringFuncs.go:10.39,14.2 3 1
github.com/Mnrikard/pasty/util/stringFuncs.go:16.69,19.28 3 1
github.com/Mnrikard/pasty/util/stringFuncs.go:19.28,21.3 1 1
github.com/Mnrikard/pasty/util/stringFuncs.go:23.2,23.15 1 1
github.com/Mnrikard/pasty/util/stringFuncs.go:26.40,27.21 1 1
github.com/Mnrikard/pasty/util/stringFuncs.go:27.21,29.3 1 1
github.com/Mnrikard/pasty/util/stringFuncs.go:31.2,31.38 1 1
github.com/Mnrikard/pasty/util/stringFuncs.go:31.38,33.3 1 1
github.com/Mnrikard/pasty/util/stringFuncs.go:35.2,36.22 2 1
github.com/Mnrikard/pasty/util/stringFuncs.go:39.39,54.2 1 1
github.com/Mnrikard/pasty/main.go:8.13,11.2 2 0
github.com/Mnrikard/pasty/cmd/completion.go:46.47,47.18 1 0
github.com/Mnrikard/pasty/cmd/completion.go:48.15,49.43 1 0
github.com/Mnrikard/pasty/cmd/completion.go:50.14,51.42 1 0
github.com/Mnrikard/pasty/cmd/completion.go:52.15,53.49 1 0
github.com/Mnrikard/pasty/cmd/completion.go:54.21,55.49 1 0
github.com/Mnrikard/pasty/cmd/root.go:18.16,19.42 1 1
github.com/Mnrikard/pasty/cmd/root.go:19.42,22.3 2 0
github.com/Mnrikard/pasty/cmd/root.go:27.46,29.16 2 1
github.com/Mnrikard/pasty/cmd/root.go:29.16,31.3 1 0
github.com/Mnrikard/pasty/cmd/root.go:33.2,36.107 4 1
github.com/Mnrikard/pasty/cmd/root.go:39.13,43.38 3 1
github.com/Mnrikard/pasty/cmd/root.go:43.38,44.23 1 1
github.com/Mnrikard/pasty/cmd/root.go:44.23,45.72 1 1
github.com/Mnrikard/pasty/cmd/root.go:45.72,45.95 1 0
github.com/Mnrikard/pasty/cmd/root.go:47.3,47.26 1 1
github.com/Mnrikard/pasty/cmd/root.go:47.26,48.72 1 1
github.com/Mnrikard/pasty/cmd/root.go:48.72,48.97 1 0
github.com/Mnrikard/pasty/cmd/root.go:50.3,51.23 2 1
github.com/Mnrikard/pasty/cmd/root.go:51.23,53.4 1 1
github.com/Mnrikard/pasty/cmd/root.go:54.3,54.26 1 1
github.com/Mnrikard/pasty/cmd/root.go:54.26,56.4 1 1
github.com/Mnrikard/pasty/cmd/root.go:57.3,57.26 1 1
github.com/Mnrikard/pasty/cmd/root.go:60.2,63.17 4 1
github.com/Mnrikard/pasty/cmd/root.go:63.17,66.3 2 1
github.com/Mnrikard/pasty/cmd/root.go:68.2,69.19 2 1
github.com/Mnrikard/pasty/cmd/root.go:69.19,71.3 1 1
github.com/Mnrikard/pasty/cmd/root.go:74.54,83.25 2 1
github.com/Mnrikard/pasty/cmd/root.go:83.25,85.3 1 1
github.com/Mnrikard/pasty/cmd/root.go:87.2,87.52 1 1
github.com/Mnrikard/pasty/cmd/root.go:87.52,90.26 3 0
github.com/Mnrikard/pasty/cmd/root.go:90.26,92.4 1 0
github.com/Mnrikard/pasty/cmd/root.go:94.3,94.28 1 0
github.com/Mnrikard/pasty/cmd/root.go:94.28,96.4 1 0
github.com/Mnrikard/pasty/cmd/root.go:98.3,98.35 1 0
github.com/Mnrikard/pasty/cmd/root.go:101.2,101.12 1 1
github.com/Mnrikard/pasty/edit/case.go:10.58,12.2 1 1
github.com/Mnrikard/pasty/edit/case.go:14.58,16.2 1 1
github.com/Mnrikard/pasty/edit/case.go:18.58,21.2 2 1
github.com/Mnrikard/pasty/edit/columnAlign.go:9.65,15.2 5 1
github.com/Mnrikard/pasty/edit/columnAlign.go:17.74,20.28 2 1
github.com/Mnrikard/pasty/edit/columnAlign.go:20.28,22.28 2 1
github.com/Mnrikard/pasty/edit/columnAlign.go:22.28,24.32 2 1
github.com/Mnrikard/pasty/edit/columnAlign.go:24.32,26.5 1 1
github.com/Mnrikard/pasty/edit/columnAlign.go:28.4,28.23 1 1
github.com/Mnrikard/pasty/edit/columnAlign.go:28.23,30.5 1 1
github.com/Mnrikard/pasty/edit/columnAlign.go:33.3,33.38 1 1
github.com/Mnrikard/pasty/edit/columnAlign.go:36.2,36.35 1 1
github.com/Mnrikard/pasty/edit/columnAlign.go:39.42,40.19 1 1
github.com/Mnrikard/pasty/edit/columnAlign.go:40.19,42.3 1 0
github.com/Mnrikard/pasty/edit/columnAlign.go:44.2,45.27 2 1
github.com/Mnrikard/pasty/edit/columnAlign.go:45.27,46.28 1 1
github.com/Mnrikard/pasty/edit/columnAlign.go:46.28,47.26 1 1
github.com/Mnrikard/pasty/edit/columnAlign.go:47.26,49.5 1 0
github.com/Mnrikard/pasty/edit/columnAlign.go:50.4,50.29 1 1
github.com/Mnrikard/pasty/edit/columnAlign.go:50.29,52.5 1 1
github.com/Mnrikard/pasty/edit/columnAlign.go:56.2,56.15 1 1
github.com/Mnrikard/pasty/edit/count.go:9.62,13.18 3 1
github.com/Mnrikard/pasty/edit/count.go:14.23,16.54 2 1
github.com/Mnrikard/pasty/edit/count.go:17.23,19.54 2 1
github.com/Mnrikard/pasty/edit/count.go:20.10,21.40 1 1
github.com/Mnrikard/pasty/edit/count.go:24.2,26.19 2 1
github.com/Mnrikard/pasty/edit/dedup.go:8.64,11.29 3 1
github.com/Mnrikard/pasty/edit/dedup.go:11.29,12.39 1 1
github.com/Mnrikard/pasty/edit/dedup.go:12.39,14.4 1 1
github.com/Mnrikard/pasty/edit/dedup.go:17.2,19.26 2 1
github.com/Mnrikard/pasty/edit/edit.go:30.67,32.33 2 1
github.com/Mnrikard/pasty/edit/edit.go:32.33,34.3 1 1
github.com/Mnrikard/pasty/edit/edit.go:35.2,35.29 1 1
github.com/Mnrikard/pasty/edit/edit.go:35.29,37.3 1 1
github.com/Mnrikard/pasty/edit/edit.go:38.2,38.28 1 1
github.com/Mnrikard/pasty/edit/edit.go:38.28,40.3 1 1
github.com/Mnrikard/pasty/edit/edit.go:41.2,41.27 1 1
github.com/Mnrikard/pasty/edit/edit.go:41.27,43.3 1 1
github.com/Mnrikard/pasty/edit/edit.go:45.2,45.17 1 1
github.com/Mnrikard/pasty/edit/edit.go:45.17,47.3 1 1
github.com/Mnrikard/pasty/edit/edit.go:50.65,52.28 2 1
github.com/Mnrikard/pasty/edit/edit.go:52.28,63.3 1 1
github.com/Mnrikard/pasty/edit/edit.go:64.2,64.34 1 1
github.com/Mnrikard/pasty/edit/edit.go:64.34,65.21 1 1
github.com/Mnrikard/pasty/edit/edit.go:65.21,67.4 1 1
github.com/Mnrikard/pasty/edit/edit.go:67.9,69.4 1 0
github.com/Mnrikard/pasty/edit/edit.go:73.130,74.105 1 0
github.com/Mnrikard/pasty/edit/edit.go:74.105,75.30 1 0
github.com/Mnrikard/pasty/edit/edit.go:75.30,76.34 1 0
github.com/Mnrikard/pasty/edit/edit.go:76.34,77.28 1 0
github.com/Mnrikard/pasty/edit/edit.go:77.28,81.6 1 0
github.com/Mnrikard/pasty/edit/edit.go:83.5,83.30 1 0
github.com/Mnrikard/pasty/edit/edit.go:83.30,85.6 1 0
github.com/Mnrikard/pasty/edit/edit.go:89.3,89.49 1 0
github.com/Mnrikard/pasty/edit/encode.go:9.65,11.2 1 1
github.com/Mnrikard/pasty/edit/encode.go:13.65,15.16 2 1
github.com/Mnrikard/pasty/edit/encode.go:15.16,17.3 1 1
github.com/Mnrikard/pasty/edit/encode.go:19.2,19.28 1 1
github.com/Mnrikard/pasty/edit/encode.go:22.65,24.2 1 1
github.com/Mnrikard/pasty/edit/encode.go:26.66,28.2 1 1
github.com/Mnrikard/pasty/edit/encode.go:30.65,32.2 1 1
github.com/Mnrikard/pasty/edit/encode.go:34.66,36.2 1 1
github.com/Mnrikard/pasty/edit/format.go:10.63,11.40 1 1
github.com/Mnrikard/pasty/edit/format.go:11.40,13.3 1 1
github.com/Mnrikard/pasty/edit/format.go:14.2,14.41 1 1
github.com/Mnrikard/pasty/edit/format.go:14.41,16.3 1 1
github.com/Mnrikard/pasty/edit/format.go:18.2,18.49 1 1
github.com/Mnrikard/pasty/edit/format.go:21.46,36.39 7 1
github.com/Mnrikard/pasty/edit/format.go:36.39,38.35 2 1
github.com/Mnrikard/pasty/edit/format.go:38.35,39.12 1 1
github.com/Mnrikard/pasty/edit/format.go:42.3,42.27 1 1
github.com/Mnrikard/pasty/edit/format.go:42.27,44.4 1 1
github.com/Mnrikard/pasty/edit/format.go:46.3,48.29 2 1
github.com/Mnrikard/pasty/edit/format.go:48.29,50.4 1 1
github.com/Mnrikard/pasty/edit/format.go:50.9,50.33 1 1
github.com/Mnrikard/pasty/edit/format.go:50.33,52.4 1 1
github.com/Mnrikard/pasty/edit/format.go:52.9,52.19 1 1
github.com/Mnrikard/pasty/edit/format.go:52.19,54.4 1 1
github.com/Mnrikard/pasty/edit/format.go:56.3,56.17 1 1
github.com/Mnrikard/pasty/edit/format.go:56.17,58.4 1 0
github.com/Mnrikard/pasty/edit/format.go:60.3,61.17 2 1
github.com/Mnrikard/pasty/edit/format.go:61.17,63.4 1 0
github.com/Mnrikard/pasty/edit/format.go:66.2,66.29 1 1
github.com/Mnrikard/pasty/edit/format.go:69.47,87.40 9 1
github.com/Mnrikard/pasty/edit/format.go:87.40,89.35 2 1
github.com/Mnrikard/pasty/edit/format.go:89.35,90.12 1 1
github.com/Mnrikard/pasty/edit/format.go:93.3,95.30 2 1
github.com/Mnrikard/pasty/edit/format.go:95.30,99.4 3 1
github.com/Mnrikard/pasty/edit/format.go:99.9,99.36 1 1
github.com/Mnrikard/pasty/edit/format.go:99.36,103.4 3 1
github.com/Mnrikard/pasty/edit/format.go:103.9,103.35 1 1
github.com/Mnrikard/pasty/edit/format.go:103.35,105.4 1 1
github.com/Mnrikard/pasty/edit/format.go:105.9,105.24 1 1
github.com/Mnrikard/pasty/edit/format.go:105.24,107.4 1 1
github.com/Mnrikard/pasty/edit/format.go:107.9,109.4 1 1
github.com/Mnrikard/pasty/edit/format.go:111.3,111.17 1 1
github.com/Mnrikard/pasty/edit/format.go:111.17,113.4 1 0
github.com/Mnrikard/pasty/edit/format.go:116.2,116.29 1 1
github.com/Mnrikard/pasty/edit/format.go:119.43,120.26 1 1
github.com/Mnrikard/pasty/edit/format.go:120.26,121.34 1 1
github.com/Mnrikard/pasty/edit/format.go:121.34,123.4 1 1
github.com/Mnrikard/pasty/edit/format.go:126.2,126.14 1 1
github.com/Mnrikard/pasty/edit/format.go:129.27,131.24 2 1
github.com/Mnrikard/pasty/edit/format.go:131.24,133.3 1 1
github.com/Mnrikard/pasty/edit/format.go:135.2,135.33 1 1
github.com/Mnrikard/pasty/edit/generate.go:5.60,7.2 1 1
github.com/Mnrikard/pasty/edit/generate.go:9.60,11.2 1 1
github.com/Mnrikard/pasty/edit/grep.go:8.57,10.16 2 1
github.com/Mnrikard/pasty/edit/grep.go:10.16,12.3 1 1
github.com/Mnrikard/pasty/edit/grep.go:14.2,14.32 1 1
github.com/Mnrikard/pasty/edit/grep.go:14.32,17.3 2 1
github.com/Mnrikard/pasty/edit/grep.go:19.2,21.26 3 1
github.com/Mnrikard/pasty/edit/grep.go:21.26,22.27 1 1
github.com/Mnrikard/pasty/edit/grep.go:22.27,23.17 1 1
github.com/Mnrikard/pasty/edit/grep.go:23.17,25.5 1 1
github.com/Mnrikard/pasty/edit/grep.go:26.9,27.16 1 1
github.com/Mnrikard/pasty/edit/grep.go:27.16,29.5 1 1
github.com/Mnrikard/pasty/edit/grep.go:33.2,33.50 1 1
github.com/Mnrikard/pasty/edit/insert.go:11.62,20.33 7 1
github.com/Mnrikard/pasty/edit/insert.go:20.33,21.42 1 1
github.com/Mnrikard/pasty/edit/insert.go:21.42,22.12 1 1
github.com/Mnrikard/pasty/edit/insert.go:25.3,25.26 1 1
github.com/Mnrikard/pasty/edit/insert.go:25.26,28.4 2 1
github.com/Mnrikard/pasty/edit/insert.go:28.9,30.4 1 1
github.com/Mnrikard/pasty/edit/insert.go:32.3,34.32 3 1
github.com/Mnrikard/pasty/edit/insert.go:37.2,37.29 1 1
github.com/Mnrikard/pasty/edit/insert.go:40.69,50.2 2 1
github.com/Mnrikard/pasty/edit/insert.go:52.55,55.2 2 1
github.com/Mnrikard/pasty/edit/insert.go:57.56,59.27 2 1
github.com/Mnrikard/pasty/edit/insert.go:59.27,60.12 1 1
github.com/Mnrikard/pasty/edit/insert.go:60.12,62.4 1 1
github.com/Mnrikard/pasty/edit/insert.go:64.3,65.31 2 1
github.com/Mnrikard/pasty/edit/insert.go:65.31,67.4 1 1
github.com/Mnrikard/pasty/edit/insert.go:67.9,69.4 1 1
github.com/Mnrikard/pasty/edit/insert.go:71.3,71.97 1 1
github.com/Mnrikard/pasty/edit/insert.go:74.2,74.22 1 1
github.com/Mnrikard/pasty/edit/math.go:10.62,14.36 3 1
github.com/Mnrikard/pasty/edit/math.go:14.36,16.3 1 1
github.com/Mnrikard/pasty/edit/math.go:18.2,22.16 4 1
github.com/Mnrikard/pasty/edit/math.go:22.16,24.3 1 0
github.com/Mnrikard/pasty/edit/math.go:26.2,26.38 1 1
github.com/Mnrikard/pasty/edit/math.go:26.38,28.3 1 1
github.com/Mnrikard/pasty/edit/math.go:29.2,29.39 1 1
github.com/Mnrikard/pasty/edit/math.go:32.55,35.2 2 1
github.com/Mnrikard/pasty/edit/math.go:37.48,39.16 2 1
github.com/Mnrikard/pasty/edit/math.go:39.16,41.3 1 1
github.com/Mnrikard/pasty/edit/math.go:43.2,43.20 1 1
github.com/Mnrikard/pasty/edit/math.go:43.20,45.29 2 1
github.com/Mnrikard/pasty/edit/math.go:45.29,46.9 1 0
github.com/Mnrikard/pasty/edit/math.go:48.3,49.17 2 1
github.com/Mnrikard/pasty/edit/math.go:49.17,51.4 1 1
github.com/Mnrikard/pasty/edit/math.go:52.3,52.16 1 1
github.com/Mnrikard/pasty/edit/math.go:52.16,54.4 1 1
github.com/Mnrikard/pasty/edit/math.go:54.9,56.4 1 1
github.com/Mnrikard/pasty/edit/math.go:57.3,57.17 1 1
github.com/Mnrikard/pasty/edit/math.go:59.2,59.20 1 1
github.com/Mnrikard/pasty/edit/math.go:62.56,64.16 2 1
github.com/Mnrikard/pasty/edit/math.go:64.16,66.3 1 1
github.com/Mnrikard/pasty/edit/math.go:68.2,68.20 1 1
github.com/Mnrikard/pasty/edit/math.go:68.20,70.29 2 1
github.com/Mnrikard/pasty/edit/math.go:70.29,71.9 1 1
github.com/Mnrikard/pasty/edit/math.go:73.3,74.17 2 1
github.com/Mnrikard/pasty/edit/math.go:74.17,76.4 1 0
github.com/Mnrikard/pasty/edit/math.go:77.3,77.16 1 1
github.com/Mnrikard/pasty/edit/math.go:77.16,79.4 1 1
github.com/Mnrikard/pasty/edit/math.go:79.9,80.17 1 1
github.com/Mnrikard/pasty/edit/math.go:80.17,82.5 1 1
github.com/Mnrikard/pasty/edit/math.go:83.4,83.18 1 1
github.com/Mnrikard/pasty/edit/math.go:85.3,85.17 1 1
github.com/Mnrikard/pasty/edit/math.go:87.2,87.26 1 1
github.com/Mnrikard/pasty/edit/math.go:90.56,91.20 1 1
github.com/Mnrikard/pasty/edit/math.go:91.20,93.3 1 1
github.com/Mnrikard/pasty/edit/math.go:95.2,95.20 1 1
github.com/Mnrikard/pasty/edit/math.go:95.20,98.34 3 1
github.com/Mnrikard/pasty/edit/math.go:98.34,99.22 1 1
github.com/Mnrikard/pasty/edit/math.go:99.22,101.5 1 1
github.com/Mnrikard/pasty/edit/math.go:101.10,101.29 1 1
github.com/Mnrikard/pasty/edit/math.go:101.29,103.5 1 1
github.com/Mnrikard/pasty/edit/math.go:104.4,104.7 1 1
github.com/Mnrikard/pasty/edit/math.go:106.3,106.17 1 1
github.com/Mnrikard/pasty/edit/math.go:106.17,108.4 1 1
github.com/Mnrikard/pasty/edit/math.go:109.3,110.17 2 1
github.com/Mnrikard/pasty/edit/math.go:110.17,112.4 1 0
github.com/Mnrikard/pasty/edit/math.go:113.3,113.31 1 1
github.com/Mnrikard/pasty/edit/math.go:116.2,116.20 1 1
github.com/Mnrikard/pasty/edit/math.go:116.20,118.17 2 1
github.com/Mnrikard/pasty/edit/math.go:118.17,120.4 1 0
github.com/Mnrikard/pasty/edit/math.go:121.3,121.28 1 1
github.com/Mnrikard/pasty/edit/math.go:124.2,125.60 2 1
github.com/Mnrikard/pasty/edit/math.go:125.60,127.3 1 1
github.com/Mnrikard/pasty/edit/math.go:128.2,128.12 1 1
github.com/Mnrikard/pasty/edit/math.go:128.12,130.3 1 1
github.com/Mnrikard/pasty/edit/math.go:131.2,132.16 2 1
github.com/Mnrikard/pasty/edit/math.go:132.16,134.3 1 0
github.com/Mnrikard/pasty/edit/math.go:135.2,135.27 1 1
github.com/Mnrikard/pasty/edit/math.go:138.27,140.2 1 1
github.com/Mnrikard/pasty/edit/plugins.go:13.65,15.2 1 0
github.com/Mnrikard/pasty/edit/plugins.go:17.29,19.16 2 0
github.com/Mnrikard/pasty/edit/plugins.go:19.16,21.3 1 0
github.com/Mnrikard/pasty/edit/plugins.go:23.2,24.16 2 0
github.com/Mnrikard/pasty/edit/plugins.go:24.16,26.3 1 0
github.com/Mnrikard/pasty/edit/plugins.go:28.2,31.29 3 0
github.com/Mnrikard/pasty/edit/plugins.go:31.29,32.17 1 0
github.com/Mnrikard/pasty/edit/plugins.go:32.17,33.12 1 0
github.com/Mnrikard/pasty/edit/plugins.go:35.3,36.69 2 0
github.com/Mnrikard/pasty/edit/plugins.go:36.69,39.4 2 0
github.com/Mnrikard/pasty/edit/plugins.go:42.2,43.32 2 0
github.com/Mnrikard/pasty/edit/plugins.go:43.32,44.14 1 0
github.com/Mnrikard/pasty/edit/plugins.go:44.14,46.4 1 0
github.com/Mnrikard/pasty/edit/plugins.go:47.3,47.17 1 0
github.com/Mnrikard/pasty/edit/plugins.go:50.2,50.15 1 0
github.com/Mnrikard/pasty/edit/plugins.go:53.38,55.16 2 0
github.com/Mnrikard/pasty/edit/plugins.go:55.16,57.3 1 0
github.com/Mnrikard/pasty/edit/plugins.go:60.2,61.24 2 0
github.com/Mnrikard/pasty/edit/plugins.go:64.92,66.16 2 0
github.com/Mnrikard/pasty/edit/plugins.go:66.16,68.3 1 0
github.com/Mnrikard/pasty/edit/plugins.go:71.2,74.53 2 0
github.com/Mnrikard/pasty/edit/plugins.go:74.53,76.3 1 0
github.com/Mnrikard/pasty/edit/plugins.go:79.2,92.4 3 0
github.com/Mnrikard/pasty/edit/plugins.go:92.4,97.39 1 0
github.com/Mnrikard/pasty/edit/plugins.go:97.39,98.14 1 0
github.com/Mnrikard/pasty/edit/plugins.go:104.2,108.45 3 0
github.com/Mnrikard/pasty/edit/plugins.go:108.45,110.3 1 0
github.com/Mnrikard/pasty/edit/plugins.go:113.2,114.32 2 0
github.com/Mnrikard/pasty/edit/plugins.go:114.32,116.3 1 0
github.com/Mnrikard/pasty/edit/plugins.go:119.2,124.16 2 0
github.com/Mnrikard/pasty/edit/plugins.go:124.16,126.3 1 0
github.com/Mnrikard/pasty/edit/plugins.go:129.2,132.26 3 0
github.com/Mnrikard/pasty/edit/rep.go:7.64,9.16 2 1
github.com/Mnrikard/pasty/edit/rep.go:9.16,11.3 1 1
github.com/Mnrikard/pasty/edit/rep.go:13.2,15.26 2 1
github.com/Mnrikard/pasty/edit/sort.go:18.57,21.43 3 1
github.com/Mnrikard/pasty/edit/sort.go:21.43,23.67 1 1
github.com/Mnrikard/pasty/edit/sort.go:23.67,24.25 1 1
github.com/Mnrikard/pasty/edit/sort.go:24.25,26.5 1 1
github.com/Mnrikard/pasty/edit/sort.go:27.4,27.80 1 0
github.com/Mnrikard/pasty/edit/sort.go:31.3,31.69 1 1
github.com/Mnrikard/pasty/edit/sort.go:31.69,32.25 1 1
github.com/Mnrikard/pasty/edit/sort.go:32.25,34.5 1 1
github.com/Mnrikard/pasty/edit/sort.go:35.4,35.60 1 0
github.com/Mnrikard/pasty/edit/sort.go:39.3,39.133 1 1
github.com/Mnrikard/pasty/edit/sort.go:39.133,40.23 1 1
github.com/Mnrikard/pasty/edit/sort.go:40.23,41.26 1 1
github.com/Mnrikard/pasty/edit/sort.go:41.26,43.6 1 1
github.com/Mnrikard/pasty/edit/sort.go:44.5,44.99 1 0
github.com/Mnrikard/pasty/edit/sort.go:47.4,47.25 1 1
github.com/Mnrikard/pasty/edit/sort.go:47.25,49.5 1 1
github.com/Mnrikard/pasty/edit/sort.go:51.4,51.64 1 0
github.com/Mnrikard/pasty/edit/sort.go:55.3,55.36 1 0
github.com/Mnrikard/pasty/edit/sort.go:55.36,57.4 1 0
github.com/Mnrikard/pasty/edit/sort.go:58.3,58.36 1 0
github.com/Mnrikard/pasty/edit/sort.go:58.36,60.4 1 0
github.com/Mnrikard/pasty/edit/sort.go:63.3,63.35 1 0
github.com/Mnrikard/pasty/edit/sort.go:63.35,65.4 1 0
github.com/Mnrikard/pasty/edit/sort.go:66.3,66.35 1 0
github.com/Mnrikard/pasty/edit/sort.go:66.35,68.4 1 0
github.com/Mnrikard/pasty/edit/sort.go:71.3,71.15 1 0
github.com/Mnrikard/pasty/edit/sort.go:74.2,75.26 2 1
github.com/Mnrikard/pasty/edit/sort.go:75.26,77.3 1 1
github.com/Mnrikard/pasty/edit/sort.go:79.2,79.50 1 1
github.com/Mnrikard/pasty/edit/sort.go:82.49,84.29 2 1
github.com/Mnrikard/pasty/edit/sort.go:84.29,90.18 3 1
github.com/Mnrikard/pasty/edit/sort.go:90.18,92.4 1 1
github.com/Mnrikard/pasty/edit/sort.go:94.3,95.17 2 1
github.com/Mnrikard/pasty/edit/sort.go:95.17,97.4 1 1
github.com/Mnrikard/pasty/edit/sort.go:100.2,100.15 1 1
github.com/Mnrikard/pasty/edit/sort.go:103.44,104.46 1 1
github.com/Mnrikard/pasty/edit/sort.go:104.46,106.17 2 1
github.com/Mnrikard/pasty/edit/sort.go:106.17,108.4 1 1
github.com/Mnrikard/pasty/edit/sort.go:111.3,111.59 1 1
github.com/Mnrikard/pasty/edit/sort.go:111.59,112.12 1 0
github.com/Mnrikard/pasty/edit/sort.go:115.3,115.47 1 1
github.com/Mnrikard/pasty/edit/sort.go:115.47,118.18 3 1
github.com/Mnrikard/pasty/edit/sort.go:118.18,120.5 1 1
github.com/Mnrikard/pasty/edit/sort.go:122.4,124.18 3 1
github.com/Mnrikard/pasty/edit/sort.go:124.18,126.5 1 0
github.com/Mnrikard/pasty/edit/sort.go:130.2,130.46 1 1
github.com/Mnrikard/pasty/edit/sort.go:130.46,132.17 2 1
github.com/Mnrikard/pasty/edit/sort.go:132.17,134.4 1 0
github.com/Mnrikard/pasty/edit/sort.go:137.2,137.12 1 1
github.com/Mnrikard/pasty/edit/subCommandUtils.go:22.76,23.39 1 0
github.com/Mnrikard/pasty/edit/subCommandUtils.go:23.39,24.40 1 0
github.com/Mnrikard/pasty/edit/subCommandUtils.go:24.40,26.4 1 0
github.com/Mnrikard/pasty/edit/subCommandUtils.go:29.2,29.12 1 0
github.com/Mnrikard/pasty/edit/subCommandUtils.go:32.60,33.32 1 1
github.com/Mnrikard/pasty/edit/subCommandUtils.go:33.32,34.38 1 1
github.com/Mnrikard/pasty/edit/subCommandUtils.go:34.38,36.4 1 1
github.com/Mnrikard/pasty/edit/subCommandUtils.go:39.2,39.37 1 0
github.com/Mnrikard/pasty/edit/subCommandUtils.go:39.37,40.36 1 0
github.com/Mnrikard/pasty/edit/subCommandUtils.go:40.36,41.34 1 0
github.com/Mnrikard/pasty/edit/subCommandUtils.go:41.34,43.5 1 0
github.com/Mnrikard/pasty/edit/subCommandUtils.go:47.2,47.12 1 0
github.com/Mnrikard/pasty/edit/subcommands.go:33.49,35.6 1 0
github.com/Mnrikard/pasty/edit/subcommands.go:49.49,51.6 1 0
github.com/Mnrikard/pasty/edit/subcommands.go:65.62,65.80 1 1
github.com/Mnrikard/pasty/edit/subcommands.go:77.62,77.80 1 0
github.com/Mnrikard/pasty/edit/subcommands.go:89.62,89.80 1 0
github.com/Mnrikard/pasty/edit/subcommands.go:102.62,102.87 1 0
github.com/Mnrikard/pasty/edit/subcommands.go:114.62,114.87 1 0
github.com/Mnrikard/pasty/edit/subcommands.go:127.62,127.87 1 0
github.com/Mnrikard/pasty/edit/subcommands.go:139.62,139.88 1 0
github.com/Mnrikard/pasty/edit/subcommands.go:151.62,151.87 1 0
github.com/Mnrikard/pasty/edit/subcommands.go:163.62,163.88 1 0
github.com/Mnrikard/pasty/edit/subcommands.go:175.62,175.84 1 0
github.com/Mnrikard/pasty/edit/subcommands.go:187.62,187.82 1 0
github.com/Mnrikard/pasty/edit/subcommands.go:207.49,210.20 3 0
github.com/Mnrikard/pasty/edit/subcommands.go:210.20,212.7 1 0
github.com/Mnrikard/pasty/edit/subcommands.go:219.49,221.6 1 0
github.com/Mnrikard/pasty/edit/subcommands.go:224.62,224.87 1 0
github.com/Mnrikard/pasty/edit/subcommands.go:243.49,245.6 1 0
github.com/Mnrikard/pasty/edit/subcommands.go:248.62,248.84 1 0
github.com/Mnrikard/pasty/edit/subcommands.go:265.45,267.6 1 0
github.com/Mnrikard/pasty/edit/subcommands.go:270.62,270.86 1 0
github.com/Mnrikard/pasty/edit/subcommands.go:288.49,290.6 1 0
github.com/Mnrikard/pasty/edit/subcommands.go:296.49,298.6 1 0
github.com/Mnrikard/pasty/edit/subcommands.go:304.49,306.6 1 0
github.com/Mnrikard/pasty/edit/subcommands.go:309.62,309.84 1 0
github.com/Mnrikard/pasty/edit/subcommands.go:330.49,332.6 1 0
github.com/Mnrikard/pasty/edit/subcommands.go:335.62,335.85 1 0
github.com/Mnrikard/pasty/edit/subcommands.go:353.49,355.6 1 0
github.com/Mnrikard/pasty/edit/subcommands.go:358.62,358.82 1 0
github.com/Mnrikard/pasty/edit/subcommands.go:374.49,376.6 1 0
github.com/Mnrikard/pasty/edit/subcommands.go:379.62,379.84 1 0
github.com/Mnrikard/pasty/edit/subcommands.go:395.49,397.6 1 0
github.com/Mnrikard/pasty/edit/subcommands.go:400.62,400.86 1 0
github.com/Mnrikard/pasty/edit/subcommands.go:417.49,419.6 1 1
github.com/Mnrikard/pasty/edit/subcommands.go:424.49,426.6 1 1
github.com/Mnrikard/pasty/edit/subcommands.go:429.62,429.86 1 1
github.com/Mnrikard/pasty/edit/subcommands.go:451.49,453.6 1 0
github.com/Mnrikard/pasty/edit/subcommands.go:459.49,461.6 1 0
github.com/Mnrikard/pasty/edit/subcommands.go:464.62,464.79 1 0
github.com/Mnrikard/pasty/edit/subcommands.go:482.49,484.6 1 0
github.com/Mnrikard/pasty/edit/subcommands.go:488.62,488.79 1 0
github.com/Mnrikard/pasty/edit/subcommands.go:492.45,496.2 3 0
github.com/Mnrikard/pasty/edit/subcommands.go:498.33,500.2 1 0
github.com/Mnrikard/pasty/edit/toNumBase.go:5.62,10.16 3 1
github.com/Mnrikard/pasty/edit/toNumBase.go:10.16,12.3 1 1
github.com/Mnrikard/pasty/edit/toNumBase.go:14.2,14.50 1 1
github.com/Mnrikard/pasty/edit/toNumBase.go:17.64,22.16 3 1
github.com/Mnrikard/pasty/edit/toNumBase.go:22.16,24.3 1 1
github.com/Mnrikard/pasty/edit/toNumBase.go:26.2,26.43 1 1
github.com/Mnrikard/pasty/edit/toNumBase.go:29.36,32.22 2 1
github.com/Mnrikard/pasty/edit/toNumBase.go:32.22,34.3 1 1
github.com/Mnrikard/pasty/edit/toNumBase.go:34.8,34.36 1 1
github.com/Mnrikard/pasty/edit/toNumBase.go:34.36,36.3 1 1
github.com/Mnrikard/pasty/edit/toNumBase.go:38.2,38.18 1 1
github.com/Mnrikard/pasty/edit/udf.go:29.26,31.16 2 1
github.com/Mnrikard/pasty/edit/udf.go:31.16,33.3 1 0
github.com/Mnrikard/pasty/edit/udf.go:35.2,36.27 2 1
github.com/Mnrikard/pasty/edit/udf.go:36.27,38.3 1 1
github.com/Mnrikard/pasty/edit/udf.go:40.2,40.15 1 1
github.com/Mnrikard/pasty/edit/udf.go:43.63,45.16 2 1
github.com/Mnrikard/pasty/edit/udf.go:45.16,47.3 1 0
github.com/Mnrikard/pasty/edit/udf.go:49.2,50.16 2 1
github.com/Mnrikard/pasty/edit/udf.go:50.16,52.3 1 0
github.com/Mnrikard/pasty/edit/udf.go:54.2,55.16 2 1
github.com/Mnrikard/pasty/edit/udf.go:55.16,57.3 1 0
github.com/Mnrikard/pasty/edit/udf.go:59.2,61.41 2 1
github.com/Mnrikard/pasty/edit/udf.go:61.41,63.20 2 1
github.com/Mnrikard/pasty/edit/udf.go:63.20,65.4 1 0
github.com/Mnrikard/pasty/edit/udf.go:67.3,71.17 5 1
github.com/Mnrikard/pasty/edit/udf.go:71.17,73.4 1 0
github.com/Mnrikard/pasty/edit/udf.go:76.2,76.19 1 1
github.com/Mnrikard/pasty/edit/udf.go:79.31,81.16 2 1
github.com/Mnrikard/pasty/edit/udf.go:81.16,83.3 1 0
github.com/Mnrikard/pasty/edit/udf.go:85.2,87.58 2 1
github.com/Mnrikard/pasty/edit/udf.go:87.58,89.3 1 0
github.com/Mnrikard/pasty/edit/udf.go:91.2,94.16 4 1
github.com/Mnrikard/pasty/edit/udf.go:94.16,96.3 1 0
github.com/Mnrikard/pasty/edit/udf.go:98.2,98.18 1 1
github.com/Mnrikard/pasty/edit/udf.go:101.59,102.27 1 1
github.com/Mnrikard/pasty/edit/udf.go:102.27,103.40 1 1
github.com/Mnrikard/pasty/edit/udf.go:103.40,105.4 1 1
github.com/Mnrikard/pasty/edit/udf.go:108.2,108.81 1 0
github.com/Mnrikard/pasty/edit/udf.go:111.56,115.32 3 1
github.com/Mnrikard/pasty/edit/udf.go:115.32,116.17 1 1
github.com/Mnrikard/pasty/edit/udf.go:116.17,118.4 1 1
github.com/Mnrikard/pasty/edit/udf.go:118.9,119.45 1 1
github.com/Mnrikard/pasty/edit/udf.go:119.45,121.5 1 0
github.com/Mnrikard/pasty/edit/udf.go:123.4,123.64 1 1
github.com/Mnrikard/pasty/edit/udf.go:127.2,127.12 1 1
github.com/Mnrikard/pasty/edit/udf.go:130.34,131.38 1 1
github.com/Mnrikard/pasty/edit/udf.go:131.38,132.34 1 1
github.com/Mnrikard/pasty/edit/udf.go:132.34,133.43 1 1
github.com/Mnrikard/pasty/edit/udf.go:133.43,136.5 2 1
github.com/Mnrikard/pasty/edit/udf.go:141.33,144.38 3 0
github.com/Mnrikard/pasty/edit/udf.go:144.38,145.31 1 0
github.com/Mnrikard/pasty/edit/udf.go:145.31,147.4 1 0
github.com/Mnrikard/pasty/edit/udf.go:147.9,149.4 1 0
github.com/Mnrikard/pasty/edit/udf.go:152.2,152.24 1 0
github.com/Mnrikard/pasty/text/text.go:18.44,22.2 3 0
github.com/Mnrikard/pasty/text/text.go:24.29,26.2 1 0
github.com/Mnrikard/pasty/text/text.go:28.32,29.14 1 0
github.com/Mnrikard/pasty/text/text.go:29.14,31.3 1 0
github.com/Mnrikard/pasty/text/text.go:33.2,33.25 1 0
github.com/Mnrikard/pasty/text/text.go:33.25,35.3 1 0
github.com/Mnrikard/pasty/text/text.go:37.2,39.16 3 0
github.com/Mnrikard/pasty/text/text.go:39.16,41.3 1 0
github.com/Mnrikard/pasty/text/text.go:43.2,43.18 1 0
github.com/Mnrikard/pasty/text/text.go:46.34,47.14 1 0
github.com/Mnrikard/pasty/text/text.go:47.14,50.3 2 0
github.com/Mnrikard/pasty/text/text.go:52.2,52.25 1 0
github.com/Mnrikard/pasty/text/text.go:52.25,54.3 1 0
github.com/Mnrikard/pasty/text/text.go:54.8,56.43 2 0
github.com/Mnrikard/pasty/text/text.go:56.43,58.4 1 0
github.com/Mnrikard/pasty/text/text.go:61.2,61.12 1 0
github.com/Mnrikard/pasty/text/text.go:64.27,65.26 1 0
github.com/Mnrikard/pasty/text/text.go:65.26,67.3 1 0
github.com/Mnrikard/pasty/text/text.go:68.2,69.16 2 0
github.com/Mnrikard/pasty/text/text.go:69.16,71.3 1 0
github.com/Mnrikard/pasty/text/text.go:72.2,72.13 1 0
github.com/Mnrikard/pasty/text/text.go:75.68,77.16 2 0
github.com/Mnrikard/pasty/text/text.go:77.16,80.3 2 0
github.com/Mnrikard/pasty/text/text.go:82.2,83.16 2 0
github.com/Mnrikard/pasty/text/text.go:83.16,86.3 2 0
github.com/Mnrikard/pasty/text/text.go:88.2,89.16 2 0
github.com/Mnrikard/pasty/text/text.go:89.16,92.3 2 0
github.com/Mnrikard/pasty/edit/fakeFileInfo/fakeOS.go:15.34,17.2 1 0
github.com/Mnrikard/pasty/edit/fakeFileInfo/fakeOS.go:19.32,21.2 1 0
github.com/Mnrikard/pasty/edit/fakeFileInfo/fakeOS.go:23.38,25.2 1 0
github.com/Mnrikard/pasty/edit/fakeFileInfo/fakeOS.go:27.40,29.2 1 0
github.com/Mnrikard/pasty/edit/fakeFileInfo/fakeOS.go:31.33,33.2 1 0
github.com/Mnrikard/pasty/edit/fakeFileInfo/fakeOS.go:35.30,37.2 1 0
github.com/Mnrikard/pasty/edit/fakeFileInfo/fakeOS.go:39.59,41.2 1 0
